[debug] [2022-05-13T00:21:56.721Z] ----------------------------------------------------------------------
[debug] [2022-05-13T00:21:56.723Z] Command:       C:\Program Files\nodejs\node.exe C:\Users\utrec\AppData\Roaming\npm\node_modules\firebase-tools\lib\bin\firebase.js emulators:start --only functions
[debug] [2022-05-13T00:21:56.724Z] CLI Version:   10.8.0
[debug] [2022-05-13T00:21:56.724Z] Platform:      win32
[debug] [2022-05-13T00:21:56.724Z] Node Version:  v16.13.0
[debug] [2022-05-13T00:21:56.725Z] Time:          Thu May 12 2022 20:21:56 GMT-0400 (Eastern Daylight Time)
[debug] [2022-05-13T00:21:56.726Z] ----------------------------------------------------------------------
[debug] 
[debug] [2022-05-13T00:21:56.790Z] > command requires scopes: ["email","openid","https://www.googleapis.com/auth/cloudplatformprojects.readonly","https://www.googleapis.com/auth/firebase","https://www.googleapis.com/auth/cloud-platform"]
[debug] [2022-05-13T00:21:56.790Z] > authorizing via signed-in user (utrechtc@gmail.com)
[info] i  emulators: Starting emulators: functions {"metadata":{"emulator":{"name":"hub"},"message":"Starting emulators: functions"}}
[debug] [2022-05-13T00:21:56.811Z] [hub] writing locator at C:\Users\utrec\AppData\Local\Temp\hub-fir-lab-1-81be8.json
[warn] !  functions: The following emulators are not running, calls to these services from the Functions emulator will affect production: auth, firestore, database, hosting, pubsub, storage {"metadata":{"emulator":{"name":"functions"},"message":"The following emulators are not running, calls to these services from the Functions emulator will affect production: \u001b[1mauth, firestore, database, hosting, pubsub, storage\u001b[22m"}}
[info] +  functions: Using node@16 from host. {"metadata":{"emulator":{"name":"functions"},"message":"Using node@16 from host."}}
[debug] [2022-05-13T00:21:56.833Z] defaultcredentials: writing to file C:\Users\utrec\AppData\Roaming\firebase\utrechtc_gmail_com_application_default_credentials.json
[debug] [2022-05-13T00:21:56.836Z] Setting GAC to C:\Users\utrec\AppData\Roaming\firebase\utrechtc_gmail_com_application_default_credentials.json {"metadata":{"emulator":{"name":"functions"},"message":"Setting GAC to C:\\Users\\utrec\\AppData\\Roaming\\firebase\\utrechtc_gmail_com_application_default_credentials.json"}}
[debug] [2022-05-13T00:21:56.841Z] >>> [apiv2][query] GET https://firebase.googleapis.com/v1beta1/projects/fir-lab-1-81be8/adminSdkConfig [none]
[debug] [2022-05-13T00:21:57.053Z] <<< [apiv2][status] GET https://firebase.googleapis.com/v1beta1/projects/fir-lab-1-81be8/adminSdkConfig 200
[debug] [2022-05-13T00:21:57.053Z] <<< [apiv2][body] GET https://firebase.googleapis.com/v1beta1/projects/fir-lab-1-81be8/adminSdkConfig {"projectId":"fir-lab-1-81be8","storageBucket":"fir-lab-1-81be8.appspot.com"}
[debug] [2022-05-13T00:21:57.070Z] Ignoring unsupported arg: auto_download {"metadata":{"emulator":{"name":"ui"},"message":"Ignoring unsupported arg: auto_download"}}
[debug] [2022-05-13T00:21:57.070Z] Ignoring unsupported arg: port {"metadata":{"emulator":{"name":"ui"},"message":"Ignoring unsupported arg: port"}}
[debug] [2022-05-13T00:21:57.070Z] Starting Emulator UI with command {"binary":"node","args":["C:\\Users\\utrec\\.cache\\firebase\\emulators\\ui-v1.6.6\\server.bundle.js"],"optionalArgs":[],"joinArgs":false} {"metadata":{"emulator":{"name":"ui"},"message":"Starting Emulator UI with command {\"binary\":\"node\",\"args\":[\"C:\\\\Users\\\\utrec\\\\.cache\\\\firebase\\\\emulators\\\\ui-v1.6.6\\\\server.bundle.js\"],\"optionalArgs\":[],\"joinArgs\":false}"}}
[info] i  ui: Emulator UI logging to ui-debug.log {"metadata":{"emulator":{"name":"ui"},"message":"Emulator UI logging to \u001b[1mui-debug.log\u001b[22m"}}
[debug] [2022-05-13T00:21:57.202Z] Web / API server started at localhost:4000
 {"metadata":{"emulator":{"name":"ui"},"message":"Web / API server started at localhost:4000\n"}}
[info] i  functions: Watching "C:\Users\utrec\Documents\GrandCircus\Demo\Firebase\backend\functions" for Cloud Functions... {"metadata":{"emulator":{"name":"functions"},"message":"Watching \"C:\\Users\\utrec\\Documents\\GrandCircus\\Demo\\Firebase\\backend\\functions\" for Cloud Functions..."}}
[debug] [2022-05-13T00:21:57.353Z] Validating nodejs source
[warn] !  functions: package.json indicates an outdated version of firebase-functions. Please upgrade using npm install --save firebase-functions@latest in your functions directory. 
[debug] [2022-05-13T00:22:00.340Z] > [functions] package.json contents: {
  "name": "functions",
  "scripts": {
    "build": "tsc",
    "build:watch": "tsc --watch",
    "serve": "npm run build && firebase emulators:start --only functions",
    "shell": "npm run build && firebase functions:shell",
    "deploy": "firebase deploy --only functions",
    "logs": "firebase functions:log",
    "serve:dev": "npm run build && concurrently \"tsc --watch\" \"firebase emulators:start --only functions\"",
    "start": "ts-node src/index.ts",
    "start:dev": "nodemon src/index.ts",
    "test": "jest",
    "test:dev": "jest --watchAll --verbose"
  },
  "engines": {
    "node": "16"
  },
  "main": "lib/index.js",
  "dependencies": {
    "-": "^0.0.1",
    "cors": "^2.8.5",
    "express": "^4.18.1",
    "firebase-admin": "^10.0.2",
    "firebase-functions": "^3.18.0",
    "mongodb": "^4.6.0"
  },
  "devDependencies": {
    "@types/cors": "^2.8.12",
    "@types/express": "^4.17.13",
    "concurrently": "^7.1.0",
    "firebase-functions-test": "^0.2.0",
    "nodemon": "^2.0.16",
    "ts-node": "^10.7.0",
    "typescript": "^4.6.4"
  },
  "private": true,
  "version": "1.0.0",
  "keywords": [],
  "author": "",
  "license": "ISC",
  "description": ""
}
[debug] [2022-05-13T00:22:00.341Z] Building nodejs source
[debug] [2022-05-13T00:22:00.341Z] Analyzing nodejs backend spec
[info] +  functions[us-central1-api]: http function initialized (http://localhost:5001/fir-lab-1-81be8/us-central1/api). {"metadata":{"emulator":{"name":"functions"},"message":"\u001b[1mhttp\u001b[22m function initialized (http://localhost:5001/fir-lab-1-81be8/us-central1/api)."}}
[info] 
┌─────────────────────────────────────────────────────────────┐
│ ✔  All emulators ready! It is now safe to connect your app. │
│ i  View Emulator UI at http://localhost:4000                │
└─────────────────────────────────────────────────────────────┘

┌───────────┬────────────────┬─────────────────────────────────┐
│ Emulator  │ Host:Port      │ View in Emulator UI             │
├───────────┼────────────────┼─────────────────────────────────┤
│ Functions │ localhost:5001 │ http://localhost:4000/functions │
└───────────┴────────────────┴─────────────────────────────────┘
  Emulator Hub running at localhost:4400
  Other reserved ports: 4500

Issues? Report them at https://github.com/firebase/firebase-tools/issues and attach the *-debug.log files.
 
[debug] [2022-05-13T00:22:00.961Z] File C:\Users\utrec\Documents\GrandCircus\Demo\Firebase\backend\functions\lib\backend\functions\src\db.js.map changed, reloading triggers {"metadata":{"emulator":{"name":"functions"},"message":"File C:\\Users\\utrec\\Documents\\GrandCircus\\Demo\\Firebase\\backend\\functions\\lib\\backend\\functions\\src\\db.js.map changed, reloading triggers"}}
[debug] [2022-05-13T00:22:00.965Z] File C:\Users\utrec\Documents\GrandCircus\Demo\Firebase\backend\functions\lib\backend\functions\src\db.js changed, reloading triggers {"metadata":{"emulator":{"name":"functions"},"message":"File C:\\Users\\utrec\\Documents\\GrandCircus\\Demo\\Firebase\\backend\\functions\\lib\\backend\\functions\\src\\db.js changed, reloading triggers"}}
[debug] [2022-05-13T00:22:00.968Z] File C:\Users\utrec\Documents\GrandCircus\Demo\Firebase\backend\functions\lib\backend\functions\src\models\ShoutOutInterface.js.map changed, reloading triggers {"metadata":{"emulator":{"name":"functions"},"message":"File C:\\Users\\utrec\\Documents\\GrandCircus\\Demo\\Firebase\\backend\\functions\\lib\\backend\\functions\\src\\models\\ShoutOutInterface.js.map changed, reloading triggers"}}
[debug] [2022-05-13T00:22:00.969Z] File C:\Users\utrec\Documents\GrandCircus\Demo\Firebase\backend\functions\lib\backend\functions\src\models\ShoutOutInterface.js changed, reloading triggers {"metadata":{"emulator":{"name":"functions"},"message":"File C:\\Users\\utrec\\Documents\\GrandCircus\\Demo\\Firebase\\backend\\functions\\lib\\backend\\functions\\src\\models\\ShoutOutInterface.js changed, reloading triggers"}}
[debug] [2022-05-13T00:22:00.971Z] File C:\Users\utrec\Documents\GrandCircus\Demo\Firebase\backend\functions\lib\backend\functions\src\routes\routes.js.map changed, reloading triggers {"metadata":{"emulator":{"name":"functions"},"message":"File C:\\Users\\utrec\\Documents\\GrandCircus\\Demo\\Firebase\\backend\\functions\\lib\\backend\\functions\\src\\routes\\routes.js.map changed, reloading triggers"}}
[debug] [2022-05-13T00:22:00.974Z] File C:\Users\utrec\Documents\GrandCircus\Demo\Firebase\backend\functions\lib\backend\functions\src\routes\routes.js changed, reloading triggers {"metadata":{"emulator":{"name":"functions"},"message":"File C:\\Users\\utrec\\Documents\\GrandCircus\\Demo\\Firebase\\backend\\functions\\lib\\backend\\functions\\src\\routes\\routes.js changed, reloading triggers"}}
[debug] [2022-05-13T00:22:00.978Z] File C:\Users\utrec\Documents\GrandCircus\Demo\Firebase\backend\functions\lib\backend\functions\src\index.js.map changed, reloading triggers {"metadata":{"emulator":{"name":"functions"},"message":"File C:\\Users\\utrec\\Documents\\GrandCircus\\Demo\\Firebase\\backend\\functions\\lib\\backend\\functions\\src\\index.js.map changed, reloading triggers"}}
[debug] [2022-05-13T00:22:00.978Z] File C:\Users\utrec\Documents\GrandCircus\Demo\Firebase\backend\functions\lib\backend\functions\src\index.js changed, reloading triggers {"metadata":{"emulator":{"name":"functions"},"message":"File C:\\Users\\utrec\\Documents\\GrandCircus\\Demo\\Firebase\\backend\\functions\\lib\\backend\\functions\\src\\index.js changed, reloading triggers"}}
[debug] [2022-05-13T00:22:00.980Z] File C:\Users\utrec\Documents\GrandCircus\Demo\Firebase\backend\functions\lib\frontend\src\services\ShoutOutService.js.map changed, reloading triggers {"metadata":{"emulator":{"name":"functions"},"message":"File C:\\Users\\utrec\\Documents\\GrandCircus\\Demo\\Firebase\\backend\\functions\\lib\\frontend\\src\\services\\ShoutOutService.js.map changed, reloading triggers"}}
[debug] [2022-05-13T00:22:00.985Z] File C:\Users\utrec\Documents\GrandCircus\Demo\Firebase\backend\functions\lib\frontend\src\services\ShoutOutService.js changed, reloading triggers {"metadata":{"emulator":{"name":"functions"},"message":"File C:\\Users\\utrec\\Documents\\GrandCircus\\Demo\\Firebase\\backend\\functions\\lib\\frontend\\src\\services\\ShoutOutService.js changed, reloading triggers"}}
[debug] [2022-05-13T00:22:01.998Z] Validating nodejs source
[warn] !  functions: package.json indicates an outdated version of firebase-functions. Please upgrade using npm install --save firebase-functions@latest in your functions directory. 
[debug] [2022-05-13T00:22:04.238Z] > [functions] package.json contents: {
  "name": "functions",
  "scripts": {
    "build": "tsc",
    "build:watch": "tsc --watch",
    "serve": "npm run build && firebase emulators:start --only functions",
    "shell": "npm run build && firebase functions:shell",
    "deploy": "firebase deploy --only functions",
    "logs": "firebase functions:log",
    "serve:dev": "npm run build && concurrently \"tsc --watch\" \"firebase emulators:start --only functions\"",
    "start": "ts-node src/index.ts",
    "start:dev": "nodemon src/index.ts",
    "test": "jest",
    "test:dev": "jest --watchAll --verbose"
  },
  "engines": {
    "node": "16"
  },
  "main": "lib/index.js",
  "dependencies": {
    "-": "^0.0.1",
    "cors": "^2.8.5",
    "express": "^4.18.1",
    "firebase-admin": "^10.0.2",
    "firebase-functions": "^3.18.0",
    "mongodb": "^4.6.0"
  },
  "devDependencies": {
    "@types/cors": "^2.8.12",
    "@types/express": "^4.17.13",
    "concurrently": "^7.1.0",
    "firebase-functions-test": "^0.2.0",
    "nodemon": "^2.0.16",
    "ts-node": "^10.7.0",
    "typescript": "^4.6.4"
  },
  "private": true,
  "version": "1.0.0",
  "keywords": [],
  "author": "",
  "license": "ISC",
  "description": ""
}
[debug] [2022-05-13T00:22:04.239Z] Building nodejs source
[debug] [2022-05-13T00:22:04.239Z] Analyzing nodejs backend spec
[debug] [2022-05-13T00:25:29.592Z] File C:\Users\utrec\Documents\GrandCircus\Demo\Firebase\backend\functions\lib\frontend\src\services\ShoutOutService.js.map changed, reloading triggers {"metadata":{"emulator":{"name":"functions"},"message":"File C:\\Users\\utrec\\Documents\\GrandCircus\\Demo\\Firebase\\backend\\functions\\lib\\frontend\\src\\services\\ShoutOutService.js.map changed, reloading triggers"}}
[debug] [2022-05-13T00:25:29.598Z] File C:\Users\utrec\Documents\GrandCircus\Demo\Firebase\backend\functions\lib\frontend\src\services\ShoutOutService.js changed, reloading triggers {"metadata":{"emulator":{"name":"functions"},"message":"File C:\\Users\\utrec\\Documents\\GrandCircus\\Demo\\Firebase\\backend\\functions\\lib\\frontend\\src\\services\\ShoutOutService.js changed, reloading triggers"}}
[debug] [2022-05-13T00:25:30.613Z] Validating nodejs source
[warn] !  functions: package.json indicates an outdated version of firebase-functions. Please upgrade using npm install --save firebase-functions@latest in your functions directory. 
[debug] [2022-05-13T00:25:32.843Z] > [functions] package.json contents: {
  "name": "functions",
  "scripts": {
    "build": "tsc",
    "build:watch": "tsc --watch",
    "serve": "npm run build && firebase emulators:start --only functions",
    "shell": "npm run build && firebase functions:shell",
    "deploy": "firebase deploy --only functions",
    "logs": "firebase functions:log",
    "serve:dev": "npm run build && concurrently \"tsc --watch\" \"firebase emulators:start --only functions\"",
    "start": "ts-node src/index.ts",
    "start:dev": "nodemon src/index.ts",
    "test": "jest",
    "test:dev": "jest --watchAll --verbose"
  },
  "engines": {
    "node": "16"
  },
  "main": "lib/index.js",
  "dependencies": {
    "-": "^0.0.1",
    "cors": "^2.8.5",
    "express": "^4.18.1",
    "firebase-admin": "^10.0.2",
    "firebase-functions": "^3.18.0",
    "mongodb": "^4.6.0"
  },
  "devDependencies": {
    "@types/cors": "^2.8.12",
    "@types/express": "^4.17.13",
    "concurrently": "^7.1.0",
    "firebase-functions-test": "^0.2.0",
    "nodemon": "^2.0.16",
    "ts-node": "^10.7.0",
    "typescript": "^4.6.4"
  },
  "private": true,
  "version": "1.0.0",
  "keywords": [],
  "author": "",
  "license": "ISC",
  "description": ""
}
[debug] [2022-05-13T00:25:32.843Z] Building nodejs source
[debug] [2022-05-13T00:25:32.843Z] Analyzing nodejs backend spec
[debug] [2022-05-13T01:13:47.686Z] File C:\Users\utrec\Documents\GrandCircus\Demo\Firebase\backend\functions\src\routes\routes.ts changed, reloading triggers {"metadata":{"emulator":{"name":"functions"},"message":"File C:\\Users\\utrec\\Documents\\GrandCircus\\Demo\\Firebase\\backend\\functions\\src\\routes\\routes.ts changed, reloading triggers"}}
[debug] [2022-05-13T01:13:48.697Z] Validating nodejs source
[warn] !  functions: package.json indicates an outdated version of firebase-functions. Please upgrade using npm install --save firebase-functions@latest in your functions directory. 
[debug] [2022-05-13T01:13:51.106Z] > [functions] package.json contents: {
  "name": "functions",
  "scripts": {
    "build": "tsc",
    "build:watch": "tsc --watch",
    "serve": "npm run build && firebase emulators:start --only functions",
    "shell": "npm run build && firebase functions:shell",
    "deploy": "firebase deploy --only functions",
    "logs": "firebase functions:log",
    "serve:dev": "npm run build && concurrently \"tsc --watch\" \"firebase emulators:start --only functions\"",
    "start": "ts-node src/index.ts",
    "start:dev": "nodemon src/index.ts",
    "test": "jest",
    "test:dev": "jest --watchAll --verbose"
  },
  "engines": {
    "node": "16"
  },
  "main": "lib/index.js",
  "dependencies": {
    "-": "^0.0.1",
    "cors": "^2.8.5",
    "express": "^4.18.1",
    "firebase-admin": "^10.0.2",
    "firebase-functions": "^3.18.0",
    "mongodb": "^4.6.0"
  },
  "devDependencies": {
    "@types/cors": "^2.8.12",
    "@types/express": "^4.17.13",
    "concurrently": "^7.1.0",
    "firebase-functions-test": "^0.2.0",
    "nodemon": "^2.0.16",
    "ts-node": "^10.7.0",
    "typescript": "^4.6.4"
  },
  "private": true,
  "version": "1.0.0",
  "keywords": [],
  "author": "",
  "license": "ISC",
  "description": ""
}
[debug] [2022-05-13T01:13:51.106Z] Building nodejs source
[debug] [2022-05-13T01:13:51.106Z] Analyzing nodejs backend spec
[debug] [2022-05-13T01:57:57.122Z] File C:\Users\utrec\Documents\GrandCircus\Demo\Firebase\backend\functions\lib\frontend\src\services\ShoutOutService.js.map changed, reloading triggers {"metadata":{"emulator":{"name":"functions"},"message":"File C:\\Users\\utrec\\Documents\\GrandCircus\\Demo\\Firebase\\backend\\functions\\lib\\frontend\\src\\services\\ShoutOutService.js.map changed, reloading triggers"}}
[debug] [2022-05-13T01:57:57.142Z] File C:\Users\utrec\Documents\GrandCircus\Demo\Firebase\backend\functions\lib\frontend\src\services\ShoutOutService.js changed, reloading triggers {"metadata":{"emulator":{"name":"functions"},"message":"File C:\\Users\\utrec\\Documents\\GrandCircus\\Demo\\Firebase\\backend\\functions\\lib\\frontend\\src\\services\\ShoutOutService.js changed, reloading triggers"}}
[debug] [2022-05-13T01:57:58.163Z] Validating nodejs source
[warn] !  functions: package.json indicates an outdated version of firebase-functions. Please upgrade using npm install --save firebase-functions@latest in your functions directory. 
[debug] [2022-05-13T01:58:00.553Z] > [functions] package.json contents: {
  "name": "functions",
  "scripts": {
    "build": "tsc",
    "build:watch": "tsc --watch",
    "serve": "npm run build && firebase emulators:start --only functions",
    "shell": "npm run build && firebase functions:shell",
    "deploy": "firebase deploy --only functions",
    "logs": "firebase functions:log",
    "serve:dev": "npm run build && concurrently \"tsc --watch\" \"firebase emulators:start --only functions\"",
    "start": "ts-node src/index.ts",
    "start:dev": "nodemon src/index.ts",
    "test": "jest",
    "test:dev": "jest --watchAll --verbose"
  },
  "engines": {
    "node": "16"
  },
  "main": "lib/index.js",
  "dependencies": {
    "-": "^0.0.1",
    "cors": "^2.8.5",
    "express": "^4.18.1",
    "firebase-admin": "^10.0.2",
    "firebase-functions": "^3.18.0",
    "mongodb": "^4.6.0"
  },
  "devDependencies": {
    "@types/cors": "^2.8.12",
    "@types/express": "^4.17.13",
    "concurrently": "^7.1.0",
    "firebase-functions-test": "^0.2.0",
    "nodemon": "^2.0.16",
    "ts-node": "^10.7.0",
    "typescript": "^4.6.4"
  },
  "private": true,
  "version": "1.0.0",
  "keywords": [],
  "author": "",
  "license": "ISC",
  "description": ""
}
[debug] [2022-05-13T01:58:00.553Z] Building nodejs source
[debug] [2022-05-13T01:58:00.553Z] Analyzing nodejs backend spec
[error] 
[error] Error: There was an unknown problem while trying to parse function triggers.
